<?xml version="1.0" encoding="UTF-8"?>
<testng-results skipped="0" failed="0" ignored="0" total="1" passed="1">
  <reporter-output>
  </reporter-output>
  <suite name="Default suite" duration-ms="2367" started-at="2020-09-24T21:28:35 IST" finished-at="2020-09-24T21:28:38 IST">
    <groups>
    </groups>
    <test name="Default test" duration-ms="2367" started-at="2020-09-24T21:28:35 IST" finished-at="2020-09-24T21:28:38 IST">
      <class name="API_Methods.DELETE">
        <test-method status="PASS" signature="Delete_01()[pri:0, instance:API_Methods.DELETE@6737fd8f]" name="Delete_01" duration-ms="2319" started-at="2020-09-24T21:28:35 IST" finished-at="2020-09-24T21:28:38 IST">
          <reporter-output>
          </reporter-output>
        </test-method> <!-- Delete_01 -->
      </class> <!-- API_Methods.DELETE -->
    </test> <!-- Default test -->
  </suite> <!-- Default suite -->
</testng-results>
